<?xml version="1.0" encoding="UTF-8"?>
<!-- Generated by org.testng.reporters.JUnitReportReporter -->
<testsuite hostname="DESKTOP-U56FVC8" failures="0" tests="1" name="googletest.GoogleTest" time="14.501" errors="0" timestamp="2022-12-22T10:49:29 IST" skipped="0">
  <testcase classname="googletest.GoogleTest" name="testgoogle" time="14.501"/>
  <system-out/>
</testsuite> <!-- googletest.GoogleTest -->
